C:\USERS\BASARSOHAIL\DESKTOP\LATEST9\SPACEVOYAGER\SPACEVOYAGER\DEBUG\LEVELONE.OBJ
C:\USERS\BASARSOHAIL\DESKTOP\LATEST9\SPACEVOYAGER\SPACEVOYAGER\DEBUG\LEVELTWO.OBJ
C:\USERS\BASARSOHAIL\DESKTOP\LATEST9\SPACEVOYAGER\SPACEVOYAGER\DEBUG\MAIN.OBJ
C:\USERS\BASARSOHAIL\DESKTOP\LATEST9\SPACEVOYAGER\SPACEVOYAGER\DEBUG\MAINDEBUGER.OBJ
C:\USERS\BASARSOHAIL\DESKTOP\LATEST9\SPACEVOYAGER\SPACEVOYAGER\DEBUG\MENUSCREEN.OBJ
C:\USERS\BASARSOHAIL\DESKTOP\LATEST9\SPACEVOYAGER\SPACEVOYAGER\DEBUG\MISSILESYSTEM.OBJ
C:\USERS\BASARSOHAIL\DESKTOP\LATEST9\SPACEVOYAGER\SPACEVOYAGER\DEBUG\PAUSESCREEN.OBJ
C:\USERS\BASARSOHAIL\DESKTOP\LATEST9\SPACEVOYAGER\SPACEVOYAGER\DEBUG\PROLOGUE.OBJ
C:\USERS\BASARSOHAIL\DESKTOP\LATEST9\SPACEVOYAGER\SPACEVOYAGER\DEBUG\RENDER.OBJ
C:\USERS\BASARSOHAIL\DESKTOP\LATEST9\SPACEVOYAGER\SPACEVOYAGER\DEBUG\RETRYSCREEN.OBJ
C:\USERS\BASARSOHAIL\DESKTOP\LATEST9\SPACEVOYAGER\SPACEVOYAGER\DEBUG\SCREENS.OBJ
C:\USERS\BASARSOHAIL\DESKTOP\LATEST9\SPACEVOYAGER\SPACEVOYAGER\DEBUG\SHADER.OBJ
C:\USERS\BASARSOHAIL\DESKTOP\LATEST9\SPACEVOYAGER\SPACEVOYAGER\DEBUG\SHIP.OBJ
C:\USERS\BASARSOHAIL\DESKTOP\LATEST9\SPACEVOYAGER\SPACEVOYAGER\DEBUG\SOUNDDATA.OBJ
C:\USERS\BASARSOHAIL\DESKTOP\LATEST9\SPACEVOYAGER\SPACEVOYAGER\DEBUG\SOUNDMANAGER.OBJ
C:\USERS\BASARSOHAIL\DESKTOP\LATEST9\SPACEVOYAGER\SPACEVOYAGER\DEBUG\SPLASHSCREEN.OBJ
C:\USERS\BASARSOHAIL\DESKTOP\LATEST9\SPACEVOYAGER\SPACEVOYAGER\DEBUG\TEXTURELOADER.OBJ
C:\USERS\BASARSOHAIL\DESKTOP\LATEST9\SPACEVOYAGER\SPACEVOYAGER\DEBUG\WARMHOLE.OBJ
C:\USERS\BASARSOHAIL\DESKTOP\LATEST9\SPACEVOYAGER\SPACEVOYAGER\DEBUG\XINPUTHANDLER.OBJ
C:\USERS\BASARSOHAIL\DESKTOP\LATEST9\SPACEVOYAGER\SPACEVOYAGER\DEBUG\XSOUNDMANAGER.OBJ
C:\USERS\BASARSOHAIL\DESKTOP\LATEST9\SPACEVOYAGER\SPACEVOYAGER\DEBUG\ABOUTPAGE.OBJ
C:\USERS\BASARSOHAIL\DESKTOP\LATEST9\SPACEVOYAGER\SPACEVOYAGER\DEBUG\COCKPIT.OBJ
C:\USERS\BASARSOHAIL\DESKTOP\LATEST9\SPACEVOYAGER\SPACEVOYAGER\DEBUG\COLLISIONMANAGER.OBJ
C:\USERS\BASARSOHAIL\DESKTOP\LATEST9\SPACEVOYAGER\SPACEVOYAGER\DEBUG\EXTERMINATORE.OBJ
C:\USERS\BASARSOHAIL\DESKTOP\LATEST9\SPACEVOYAGER\SPACEVOYAGER\DEBUG\FIGHTSCAV.OBJ
C:\USERS\BASARSOHAIL\DESKTOP\LATEST9\SPACEVOYAGER\SPACEVOYAGER\DEBUG\GAME.OBJ
C:\USERS\BASARSOHAIL\DESKTOP\LATEST9\SPACEVOYAGER\SPACEVOYAGER\DEBUG\GAMESCREEN.OBJ
C:\USERS\BASARSOHAIL\DESKTOP\LATEST9\SPACEVOYAGER\SPACEVOYAGER\DEBUG\GAMESEQUENCESTATEMANAGER.OBJ
C:\USERS\BASARSOHAIL\DESKTOP\LATEST9\SPACEVOYAGER\SPACEVOYAGER\DEBUG\GAMESTATEMANAGER.OBJ
C:\USERS\BASARSOHAIL\DESKTOP\LATEST9\SPACEVOYAGER\SPACEVOYAGER\DEBUG\GENESISSEQUENCE.OBJ
C:\USERS\BASARSOHAIL\DESKTOP\LATEST9\SPACEVOYAGER\SPACEVOYAGER\DEBUG\IENTITYMANAGER.OBJ
C:\USERS\BASARSOHAIL\DESKTOP\LATEST9\SPACEVOYAGER\SPACEVOYAGER\DEBUG\ISCENENODE.OBJ
C:\USERS\BASARSOHAIL\DESKTOP\LATEST9\SPACEVOYAGER\SPACEVOYAGER\DEBUG\VC110.PDB
F:\WORKSPACE\TEMPSAVES\LATEST10\SPACEVOYAGER\SPACEVOYAGER\DEBUG\LEVELONE.OBJ
F:\WORKSPACE\TEMPSAVES\LATEST10\SPACEVOYAGER\SPACEVOYAGER\DEBUG\LEVELTWO.OBJ
F:\WORKSPACE\TEMPSAVES\LATEST10\SPACEVOYAGER\SPACEVOYAGER\DEBUG\MAIN.OBJ
F:\WORKSPACE\TEMPSAVES\LATEST10\SPACEVOYAGER\SPACEVOYAGER\DEBUG\MAINDEBUGER.OBJ
F:\WORKSPACE\TEMPSAVES\LATEST10\SPACEVOYAGER\SPACEVOYAGER\DEBUG\MENUSCREEN.OBJ
F:\WORKSPACE\TEMPSAVES\LATEST10\SPACEVOYAGER\SPACEVOYAGER\DEBUG\MISSILESYSTEM.OBJ
F:\WORKSPACE\TEMPSAVES\LATEST10\SPACEVOYAGER\SPACEVOYAGER\DEBUG\PAUSESCREEN.OBJ
F:\WORKSPACE\TEMPSAVES\LATEST10\SPACEVOYAGER\SPACEVOYAGER\DEBUG\PROLOGUE.OBJ
F:\WORKSPACE\TEMPSAVES\LATEST10\SPACEVOYAGER\SPACEVOYAGER\DEBUG\RENDER.OBJ
F:\WORKSPACE\TEMPSAVES\LATEST10\SPACEVOYAGER\SPACEVOYAGER\DEBUG\RETRYSCREEN.OBJ
F:\WORKSPACE\TEMPSAVES\LATEST10\SPACEVOYAGER\SPACEVOYAGER\DEBUG\SCREENS.OBJ
F:\WORKSPACE\TEMPSAVES\LATEST10\SPACEVOYAGER\SPACEVOYAGER\DEBUG\SHADER.OBJ
F:\WORKSPACE\TEMPSAVES\LATEST10\SPACEVOYAGER\SPACEVOYAGER\DEBUG\SHIP.OBJ
F:\WORKSPACE\TEMPSAVES\LATEST10\SPACEVOYAGER\SPACEVOYAGER\DEBUG\SOUNDDATA.OBJ
F:\WORKSPACE\TEMPSAVES\LATEST10\SPACEVOYAGER\SPACEVOYAGER\DEBUG\SOUNDMANAGER.OBJ
F:\WORKSPACE\TEMPSAVES\LATEST10\SPACEVOYAGER\SPACEVOYAGER\DEBUG\SPLASHSCREEN.OBJ
F:\WORKSPACE\TEMPSAVES\LATEST10\SPACEVOYAGER\SPACEVOYAGER\DEBUG\TEXTURELOADER.OBJ
F:\WORKSPACE\TEMPSAVES\LATEST10\SPACEVOYAGER\SPACEVOYAGER\DEBUG\WARMHOLE.OBJ
F:\WORKSPACE\TEMPSAVES\LATEST10\SPACEVOYAGER\SPACEVOYAGER\DEBUG\XINPUTHANDLER.OBJ
F:\WORKSPACE\TEMPSAVES\LATEST10\SPACEVOYAGER\SPACEVOYAGER\DEBUG\XSOUNDMANAGER.OBJ
F:\WORKSPACE\TEMPSAVES\LATEST10\SPACEVOYAGER\SPACEVOYAGER\DEBUG\ABOUTPAGE.OBJ
F:\WORKSPACE\TEMPSAVES\LATEST10\SPACEVOYAGER\SPACEVOYAGER\DEBUG\COCKPIT.OBJ
F:\WORKSPACE\TEMPSAVES\LATEST10\SPACEVOYAGER\SPACEVOYAGER\DEBUG\COLLISIONMANAGER.OBJ
F:\WORKSPACE\TEMPSAVES\LATEST10\SPACEVOYAGER\SPACEVOYAGER\DEBUG\EXTERMINATORE.OBJ
F:\WORKSPACE\TEMPSAVES\LATEST10\SPACEVOYAGER\SPACEVOYAGER\DEBUG\FIGHTSCAV.OBJ
F:\WORKSPACE\TEMPSAVES\LATEST10\SPACEVOYAGER\SPACEVOYAGER\DEBUG\GAME.OBJ
F:\WORKSPACE\TEMPSAVES\LATEST10\SPACEVOYAGER\SPACEVOYAGER\DEBUG\GAMESCREEN.OBJ
F:\WORKSPACE\TEMPSAVES\LATEST10\SPACEVOYAGER\SPACEVOYAGER\DEBUG\GAMESEQUENCESTATEMANAGER.OBJ
F:\WORKSPACE\TEMPSAVES\LATEST10\SPACEVOYAGER\SPACEVOYAGER\DEBUG\GAMESTATEMANAGER.OBJ
F:\WORKSPACE\TEMPSAVES\LATEST10\SPACEVOYAGER\SPACEVOYAGER\DEBUG\GENESISSEQUENCE.OBJ
F:\WORKSPACE\TEMPSAVES\LATEST10\SPACEVOYAGER\SPACEVOYAGER\DEBUG\IENTITYMANAGER.OBJ
F:\WORKSPACE\TEMPSAVES\LATEST10\SPACEVOYAGER\SPACEVOYAGER\DEBUG\ISCENENODE.OBJ
F:\WORKSPACE\TEMPSAVES\LATEST10\SPACEVOYAGER\SPACEVOYAGER\DEBUG\VC110.PDB
C:\USERS\BASARSOHAIL\DESKTOP\LATEST9\SPACEVOYAGER\DEBUG\SPACEVOYAGER.ILK
C:\USERS\BASARSOHAIL\DESKTOP\LATEST9\SPACEVOYAGER\DEBUG\SPACEVOYAGER.EXE
C:\USERS\BASARSOHAIL\DESKTOP\LATEST9\SPACEVOYAGER\DEBUG\SPACEVOYAGER.PDB
F:\WORKSPACE\TEMPSAVES\LATEST10\SPACEVOYAGER\DEBUG\SPACEVOYAGER.ILK
F:\WORKSPACE\TEMPSAVES\LATEST10\SPACEVOYAGER\DEBUG\SPACEVOYAGER.EXE
F:\WORKSPACE\TEMPSAVES\LATEST10\SPACEVOYAGER\DEBUG\SPACEVOYAGER.PDB
F:\WorkSpace\tempSaves\latest10\SpaceVoyager\SpaceVoyager\Debug\AboutPage.obj
F:\WorkSpace\tempSaves\latest10\SpaceVoyager\SpaceVoyager\Debug\Cockpit.obj
F:\WorkSpace\tempSaves\latest10\SpaceVoyager\SpaceVoyager\Debug\CollisionManager.obj
F:\WorkSpace\tempSaves\latest10\SpaceVoyager\SpaceVoyager\Debug\Exterminatore.obj
F:\WorkSpace\tempSaves\latest10\SpaceVoyager\SpaceVoyager\Debug\FightScav.obj
F:\WorkSpace\tempSaves\latest10\SpaceVoyager\SpaceVoyager\Debug\Game.obj
F:\WorkSpace\tempSaves\latest10\SpaceVoyager\SpaceVoyager\Debug\GameScreen.obj
F:\WorkSpace\tempSaves\latest10\SpaceVoyager\SpaceVoyager\Debug\GameSequenceStateManager.obj
F:\WorkSpace\tempSaves\latest10\SpaceVoyager\SpaceVoyager\Debug\GameStateManager.obj
F:\WorkSpace\tempSaves\latest10\SpaceVoyager\SpaceVoyager\Debug\GenesisSequence.obj
F:\WorkSpace\tempSaves\latest10\SpaceVoyager\SpaceVoyager\Debug\IEntityManager.obj
F:\WorkSpace\tempSaves\latest10\SpaceVoyager\SpaceVoyager\Debug\ISceneNode.obj
F:\WorkSpace\tempSaves\latest10\SpaceVoyager\SpaceVoyager\Debug\levelOne.obj
F:\WorkSpace\tempSaves\latest10\SpaceVoyager\SpaceVoyager\Debug\levelTwo.obj
F:\WorkSpace\tempSaves\latest10\SpaceVoyager\SpaceVoyager\Debug\Main.obj
F:\WorkSpace\tempSaves\latest10\SpaceVoyager\SpaceVoyager\Debug\MainDebuger.obj
F:\WorkSpace\tempSaves\latest10\SpaceVoyager\SpaceVoyager\Debug\MenuScreen.obj
F:\WorkSpace\tempSaves\latest10\SpaceVoyager\SpaceVoyager\Debug\MissileSystem.obj
F:\WorkSpace\tempSaves\latest10\SpaceVoyager\SpaceVoyager\Debug\PauseScreen.obj
F:\WorkSpace\tempSaves\latest10\SpaceVoyager\SpaceVoyager\Debug\Prologue.obj
F:\WorkSpace\tempSaves\latest10\SpaceVoyager\SpaceVoyager\Debug\Render.obj
F:\WorkSpace\tempSaves\latest10\SpaceVoyager\SpaceVoyager\Debug\RetryScreen.obj
F:\WorkSpace\tempSaves\latest10\SpaceVoyager\SpaceVoyager\Debug\Screens.obj
F:\WorkSpace\tempSaves\latest10\SpaceVoyager\SpaceVoyager\Debug\Shader.obj
F:\WorkSpace\tempSaves\latest10\SpaceVoyager\SpaceVoyager\Debug\Ship.obj
F:\WorkSpace\tempSaves\latest10\SpaceVoyager\SpaceVoyager\Debug\SoundData.obj
F:\WorkSpace\tempSaves\latest10\SpaceVoyager\SpaceVoyager\Debug\SoundManager.obj
F:\WorkSpace\tempSaves\latest10\SpaceVoyager\SpaceVoyager\Debug\SplashScreen.obj
F:\WorkSpace\tempSaves\latest10\SpaceVoyager\SpaceVoyager\Debug\TextureLoader.obj
F:\WorkSpace\tempSaves\latest10\SpaceVoyager\SpaceVoyager\Debug\WarmHole.obj
F:\WorkSpace\tempSaves\latest10\SpaceVoyager\SpaceVoyager\Debug\XInputHandler.obj
F:\WorkSpace\tempSaves\latest10\SpaceVoyager\SpaceVoyager\Debug\XSoundManager.obj
F:\WorkSpace\tempSaves\latest10\SpaceVoyager\SpaceVoyager\Debug\cl.command.1.tlog
F:\WorkSpace\tempSaves\latest10\SpaceVoyager\SpaceVoyager\Debug\CL.read.1.tlog
F:\WorkSpace\tempSaves\latest10\SpaceVoyager\SpaceVoyager\Debug\CL.write.1.tlog
F:\WorkSpace\tempSaves\latest10\SpaceVoyager\SpaceVoyager\Debug\link-cvtres.read.1.tlog
F:\WorkSpace\tempSaves\latest10\SpaceVoyager\SpaceVoyager\Debug\link-cvtres.write.1.tlog
F:\WorkSpace\tempSaves\latest10\SpaceVoyager\SpaceVoyager\Debug\link-rc.read.1.tlog
F:\WorkSpace\tempSaves\latest10\SpaceVoyager\SpaceVoyager\Debug\link-rc.write.1.tlog
F:\WorkSpace\tempSaves\latest10\SpaceVoyager\SpaceVoyager\Debug\link.4360-cvtres.read.1.tlog
F:\WorkSpace\tempSaves\latest10\SpaceVoyager\SpaceVoyager\Debug\link.4360-cvtres.write.1.tlog
F:\WorkSpace\tempSaves\latest10\SpaceVoyager\SpaceVoyager\Debug\link.4360-rc.read.1.tlog
F:\WorkSpace\tempSaves\latest10\SpaceVoyager\SpaceVoyager\Debug\link.4360-rc.write.1.tlog
F:\WorkSpace\tempSaves\latest10\SpaceVoyager\SpaceVoyager\Debug\link.4360.read.1.tlog
F:\WorkSpace\tempSaves\latest10\SpaceVoyager\SpaceVoyager\Debug\link.4360.read.2.tlog
F:\WorkSpace\tempSaves\latest10\SpaceVoyager\SpaceVoyager\Debug\link.4360.write.1.tlog
F:\WorkSpace\tempSaves\latest10\SpaceVoyager\SpaceVoyager\Debug\link.5272-cvtres.read.1.tlog
F:\WorkSpace\tempSaves\latest10\SpaceVoyager\SpaceVoyager\Debug\link.5272-cvtres.write.1.tlog
F:\WorkSpace\tempSaves\latest10\SpaceVoyager\SpaceVoyager\Debug\link.5272-rc.read.1.tlog
F:\WorkSpace\tempSaves\latest10\SpaceVoyager\SpaceVoyager\Debug\link.5272-rc.write.1.tlog
F:\WorkSpace\tempSaves\latest10\SpaceVoyager\SpaceVoyager\Debug\link.5272.read.1.tlog
F:\WorkSpace\tempSaves\latest10\SpaceVoyager\SpaceVoyager\Debug\link.5272.read.2.tlog
F:\WorkSpace\tempSaves\latest10\SpaceVoyager\SpaceVoyager\Debug\link.5272.write.1.tlog
F:\WorkSpace\tempSaves\latest10\SpaceVoyager\SpaceVoyager\Debug\link.7328-cvtres.read.1.tlog
F:\WorkSpace\tempSaves\latest10\SpaceVoyager\SpaceVoyager\Debug\link.7328-cvtres.write.1.tlog
F:\WorkSpace\tempSaves\latest10\SpaceVoyager\SpaceVoyager\Debug\link.7328-rc.read.1.tlog
F:\WorkSpace\tempSaves\latest10\SpaceVoyager\SpaceVoyager\Debug\link.7328-rc.write.1.tlog
F:\WorkSpace\tempSaves\latest10\SpaceVoyager\SpaceVoyager\Debug\link.7328.read.1.tlog
F:\WorkSpace\tempSaves\latest10\SpaceVoyager\SpaceVoyager\Debug\link.7328.read.2.tlog
F:\WorkSpace\tempSaves\latest10\SpaceVoyager\SpaceVoyager\Debug\link.7328.write.1.tlog
F:\WorkSpace\tempSaves\latest10\SpaceVoyager\SpaceVoyager\Debug\link.command.1.tlog
F:\WorkSpace\tempSaves\latest10\SpaceVoyager\SpaceVoyager\Debug\link.read.1.tlog
F:\WorkSpace\tempSaves\latest10\SpaceVoyager\SpaceVoyager\Debug\link.read.2.tlog
F:\WorkSpace\tempSaves\latest10\SpaceVoyager\SpaceVoyager\Debug\link.write.1.tlog
F:\WorkSpace\tempSaves\latest10\SpaceVoyager\SpaceVoyager\Debug\vc110.idb
F:\WorkSpace\tempSaves\latest10\SpaceVoyager\SpaceVoyager\Debug\vc110.pdb
F:\WorkSpace\tempSaves\latest10\SpaceVoyager\Debug\SpaceVoyager.pdb
F:\WorkSpace\tempSaves\latest10\SpaceVoyager\Debug\SpaceVoyager.exe
F:\WorkSpace\tempSaves\latest10\SpaceVoyager\Debug\SpaceVoyager.ilk
